<?xml version="1.0" encoding="UTF-8"?>
<!-- Generated by org.testng.reporters.JUnitReportReporter -->
<testsuite hostname="Josephs-Air.lan" failures="0" tests="2" name="runners.TestRunner" time="90.099" errors="0" timestamp="6 Mar 2024 23:35:02 GMT">
  <testcase classname="runners.TestRunner" name="runScenario" time="43.669"/>
  <testcase classname="runners.TestRunner" name="runScenario" time="46.430"/>
</testsuite> <!-- runners.TestRunner -->
